16:54:23.714 -> begin date: 2015-05-12, thread ID: 0x98B4
16:54:23.729 -> [98B4] [DEBUG ] TCCQryObj::Create AObjEvent:0x0175045C, AObjOwner:0x0176BCA0, AObjRG:0x0183FD90
16:54:23.730 -> [98B4] [DEBUG ] SetCondTimeFrom, value:2015-05-04 00:00:00
16:54:23.730 -> [98B4] [DEBUG ] SetCondTimeTo, value:2015-05-12 16:55:16
16:54:23.733 -> [9A5C] [TRACE ] TCCQryObj::_RGAddRecord AQryID:0x010680B0, ASSrvID:2005
16:54:23.733 -> [9A5C] [DEBUG ] TCCQryObj::DoRGAddRecord SSrvID:2005, DevID:1403020860, Date:42128, Flag:1, Time:1430668800, DateFrom:0, ToDate:0
16:54:23.733 -> [9A5C] [TRACE ] TCCQryObj::_RGAddRecord AQryID:0x010680B0, ASSrvID:2005
16:54:23.733 -> [9A5C] [DEBUG ] TCCQryObj::DoRGAddRecord SSrvID:2005, DevID:1403020860, Date:42129, Flag:1, Time:1430755200, DateFrom:0, ToDate:0
16:54:23.733 -> [9A5C] [TRACE ] TCCQryObj::_RGAddRecord AQryID:0x010680B0, ASSrvID:2005
16:54:23.733 -> [9A5C] [DEBUG ] TCCQryObj::DoRGAddRecord SSrvID:2005, DevID:1403020860, Date:42130, Flag:1, Time:1430841600, DateFrom:0, ToDate:0
16:54:23.733 -> [9A5C] [TRACE ] TCCQryObj::_RGAddRecord AQryID:0x010680B0, ASSrvID:2005
16:54:23.733 -> [9A5C] [DEBUG ] TCCQryObj::DoRGAddRecord SSrvID:2005, DevID:1403020860, Date:42131, Flag:1, Time:1430841600, DateFrom:0, ToDate:0
16:54:23.733 -> [9A5C] [TRACE ] TCCQryObj::_RGAddRecord AQryID:0x010680B0, ASSrvID:2005
16:54:23.733 -> [9A5C] [DEBUG ] TCCQryObj::DoRGAddRecord SSrvID:2005, DevID:1403020860, Date:42131, Flag:1, Time:1430928000, DateFrom:0, ToDate:0
16:54:23.733 -> [9A5C] [ERROR ] TCCQryObj::DoRGAddRecord same date
16:54:23.733 -> [9A5C] [TRACE ] TCCQryObj::_RGAddRecord AQryID:0x010680B0, ASSrvID:2005
16:54:23.733 -> [9A5C] [DEBUG ] TCCQryObj::DoRGAddRecord SSrvID:2005, DevID:1403020860, Date:42132, Flag:1, Time:1430928000, DateFrom:0, ToDate:0
16:54:23.733 -> [9A5C] [TRACE ] TCCQryObj::_RGAddRecord AQryID:0x010680B0, ASSrvID:2005
16:54:23.733 -> [9A5C] [DEBUG ] TCCQryObj::DoRGAddRecord SSrvID:2005, DevID:1403020860, Date:42132, Flag:1, Time:1431014400, DateFrom:0, ToDate:0
16:54:23.733 -> [9A5C] [ERROR ] TCCQryObj::DoRGAddRecord same date
16:54:23.733 -> [9A5C] [TRACE ] TCCQryObj::_RGAddRecord AQryID:0x010680B0, ASSrvID:2005
16:54:23.733 -> [9A5C] [DEBUG ] TCCQryObj::DoRGAddRecord SSrvID:2005, DevID:1403020860, Date:42133, Flag:1, Time:1431014400, DateFrom:0, ToDate:0
16:54:23.733 -> [9A5C] [TRACE ] TCCQryObj::_RGAddRecord AQryID:0x010680B0, ASSrvID:2003
16:54:23.733 -> [9A5C] [DEBUG ] TCCQryObj::DoRGAddRecord SSrvID:2003, DevID:1403020860, Date:41975, Flag:1, Time:1431100800, DateFrom:0, ToDate:0
16:54:23.733 -> [9A5C] [TRACE ] TCCQryObj::_RGAddRecord AQryID:0x010680B0, ASSrvID:2005
16:54:23.733 -> [9A5C] [DEBUG ] TCCQryObj::DoRGAddRecord SSrvID:2005, DevID:1403020860, Date:42133, Flag:1, Time:1431100800, DateFrom:0, ToDate:0
16:54:23.733 -> [9A5C] [ERROR ] TCCQryObj::DoRGAddRecord same date
16:54:23.733 -> [9A5C] [TRACE ] TCCQryObj::_RGAddRecord AQryID:0x010680B0, ASSrvID:2005
16:54:23.733 -> [9A5C] [DEBUG ] TCCQryObj::DoRGAddRecord SSrvID:2005, DevID:1403020860, Date:42134, Flag:1, Time:1431187200, DateFrom:0, ToDate:0
16:54:23.733 -> [9A5C] [TRACE ] TCCQryObj::_RGAddRecord AQryID:0x010680B0, ASSrvID:2005
16:54:23.733 -> [9A5C] [DEBUG ] TCCQryObj::DoRGAddRecord SSrvID:2005, DevID:1403020860, Date:42135, Flag:1, Time:1431273600, DateFrom:0, ToDate:0
16:54:23.733 -> [9A5C] [TRACE ] TCCQryObj::_RGAddRecord AQryID:0x010680B0, ASSrvID:2005
16:54:23.733 -> [9A5C] [DEBUG ] TCCQryObj::DoRGAddRecord SSrvID:2005, DevID:1403020860, Date:42136, Flag:1, Time:1431273600, DateFrom:0, ToDate:0
16:54:23.733 -> [9A5C] [TRACE ] TCCQryObj::_RGAddRecord AQryID:0x010680B0, ASSrvID:2005
16:54:23.733 -> [9A5C] [DEBUG ] TCCQryObj::DoRGAddRecord SSrvID:2005, DevID:1403020860, Date:42136, Flag:1, Time:1431360000, DateFrom:0, ToDate:0
16:54:23.733 -> [9A5C] [ERROR ] TCCQryObj::DoRGAddRecord same date
16:54:23.733 -> [98B4] [DEBUG ] RGOpen, Tick:0, result:1
16:54:23.733 -> [98B4] [DEBUG ] TCCQryObj::DoOpen ADevID:1403020860, RGRecord Count:10
16:54:23.733 -> [98B4] [DEBUG ] TCCQryObj::DoOpen SSID:2003, Date:2014/12/02 
16:54:24.739 -> [98B4] [DEBUG ] SSQuery Cond, StoreData:2014/12/02, DevID:1403020860, MainType:10, SubType:1, TimeFrom:2015/05/04 00:00:00, TimeTo:2015/05/12 16:55:16
16:54:24.798 -> [98B4] [DEBUG ] SSQryOpen Tick:46
16:54:24.798 -> [98B4] [DEBUG ] TCCQryObj::DoOpen SSID:2005, Date:2015/05/04 
16:54:25.803 -> [98B4] [DEBUG ] SSQuery Cond, StoreData:2015/05/04, DevID:1403020860, MainType:10, SubType:1, TimeFrom:2015/05/04 00:00:00, TimeTo:2015/05/12 16:55:16
16:54:25.837 -> [98B4] [DEBUG ] SSQryOpen Tick:32
16:54:25.837 -> [98B4] [DEBUG ] TCCQryObj::DoOpen SSID:2005, Date:2015/05/05 
16:54:25.838 -> [98B4] [DEBUG ] SSQuery Cond, StoreData:2015/05/05, DevID:1403020860, MainType:10, SubType:1, TimeFrom:2015/05/04 00:00:00, TimeTo:2015/05/12 16:55:16
16:54:25.878 -> [98B4] [DEBUG ] SSQryOpen Tick:46
16:54:25.878 -> [98B4] [DEBUG ] TCCQryObj::DoOpen SSID:2005, Date:2015/05/06 
16:54:25.879 -> [98B4] [DEBUG ] SSQuery Cond, StoreData:2015/05/06, DevID:1403020860, MainType:10, SubType:1, TimeFrom:2015/05/04 00:00:00, TimeTo:2015/05/12 16:55:16
16:54:25.944 -> [98B4] [DEBUG ] SSQryOpen Tick:63
16:54:25.944 -> [98B4] [DEBUG ] TCCQryObj::DoOpen SSID:2005, Date:2015/05/07 
16:54:25.945 -> [98B4] [DEBUG ] SSQuery Cond, StoreData:2015/05/07, DevID:1403020860, MainType:10, SubType:1, TimeFrom:2015/05/04 00:00:00, TimeTo:2015/05/12 16:55:16
16:54:26.057 -> [98B4] [DEBUG ] SSQryOpen Tick:109
16:54:26.057 -> [98B4] [DEBUG ] TCCQryObj::DoOpen SSID:2005, Date:2015/05/08 
16:54:26.059 -> [98B4] [DEBUG ] SSQuery Cond, StoreData:2015/05/08, DevID:1403020860, MainType:10, SubType:1, TimeFrom:2015/05/04 00:00:00, TimeTo:2015/05/12 16:55:16
16:54:26.127 -> [98B4] [DEBUG ] SSQryOpen Tick:78
16:54:26.127 -> [98B4] [DEBUG ] TCCQryObj::DoOpen SSID:2005, Date:2015/05/09 
16:54:26.128 -> [98B4] [DEBUG ] SSQuery Cond, StoreData:2015/05/09, DevID:1403020860, MainType:10, SubType:1, TimeFrom:2015/05/04 00:00:00, TimeTo:2015/05/12 16:55:16
16:54:26.190 -> [98B4] [DEBUG ] SSQryOpen Tick:62
16:54:26.190 -> [98B4] [DEBUG ] TCCQryObj::DoOpen SSID:2005, Date:2015/05/10 
16:54:26.192 -> [98B4] [DEBUG ] SSQuery Cond, StoreData:2015/05/10, DevID:1403020860, MainType:10, SubType:1, TimeFrom:2015/05/04 00:00:00, TimeTo:2015/05/12 16:55:16
16:54:26.274 -> [98B4] [DEBUG ] SSQryOpen Tick:78
16:54:26.274 -> [98B4] [DEBUG ] TCCQryObj::DoOpen SSID:2005, Date:2015/05/11 
16:54:26.276 -> [98B4] [DEBUG ] SSQuery Cond, StoreData:2015/05/11, DevID:1403020860, MainType:10, SubType:1, TimeFrom:2015/05/04 00:00:00, TimeTo:2015/05/12 16:55:16
16:54:26.334 -> [98B4] [DEBUG ] SSQryOpen Tick:63
16:54:26.334 -> [98B4] [DEBUG ] TCCQryObj::DoOpen SSID:2005, Date:2015/05/12 
16:54:26.336 -> [98B4] [DEBUG ] SSQuery Cond, StoreData:2015/05/12, DevID:1403020860, MainType:10, SubType:1, TimeFrom:2015/05/04 00:00:00, TimeTo:2015/05/12 16:55:16
16:54:26.367 -> [98B4] [DEBUG ] SSQryOpen Tick:31
16:54:26.367 -> [98B4] [DEBUG ] TCCQryObj::Open result:1
16:54:26.395 -> [98B4] [DEBUG ] TotalCount:26903
16:54:27.533 -> [98B4] [DEBUG ] TCCQryObj::DoClose(), RefCount:0
16:54:27.552 -> [98B4] [DEBUG ] TCCQryObj::Free
